
time="2022-12-23T14:14:08+07:00" level=info msg="success [services][logics][payment][getDataAllStatusTungguAndToday == Amount of all Mutasi]  : 21623"
time="2022-12-23T14:16:56+07:00" level=info msg="success [services][logics][payment][getDataAllStatusTungguAndToday == Amount of all Mutasi]  : 21623"
time="2022-12-23T14:25:09+07:00" level=info msg="success [services][logics][payment][getDataAllStatusTungguAndToday == Amount of all Mutasi]  : 21623"
time="2022-12-23T14:26:14+07:00" level=info msg="success [services][logics][payment][getDataAllStatusTungguAndToday == Amount of all Mutasi]  : 21623"
time="2022-12-26T13:36:48+07:00" level=info msg="error [services][repositories][transaction][gorm get GET TransactionByStatusAndToday]  : record not found"
time="2022-12-26T13:36:48+07:00" level=info msg="error [services][logics][payment][gorm get transactional by Status]  : record not found"
time="2022-12-26T13:39:50+07:00" level=info msg="success [services][logics][payment][getDataAllStatusTungguAndToday == Amount of all Mutasi]  : 21593"
time="2022-12-26T13:43:31+07:00" level=info msg="success [services][logics][payment][getDataAllStatusTungguAndToday == Amount of all Mutasi]  : 21593"
time="2022-12-26T13:52:28+07:00" level=info msg="success [services][logics][payment][getDataAllStatusTungguAndToday == Amount of all Mutasi]  : 21593"
time="2022-12-26T13:53:13+07:00" level=info msg="success [services][logics][payment][getDataAllStatusTungguAndToday == Amount of all Mutasi]  : 21593"
time="2022-12-26T13:54:16+07:00" level=info msg="success [services][logics][payment][getDataAllStatusTungguAndToday == Amount of all Mutasi]  : 21593"
time="2022-12-26T13:55:03+07:00" level=info msg="success [services][logics][payment][getDataAllStatusTungguAndToday == Amount of all Mutasi]  : 21593"
time="2022-12-26T13:57:05+07:00" level=info msg="success [services][logics][payment][getDataAllStatusTungguAndToday == Amount of all Mutasi]  : 21593"
time="2022-12-26T13:57:55+07:00" level=info msg="success [services][logics][payment][getDataAllStatusTungguAndToday == Amount of all Mutasi]  : 21593"
time="2022-12-26T15:34:12+07:00" level=info msg="error [services][repositories][transaction][gorm Update UpdateTransactionByInvoiceNumber]  : Error 1146: Table 'garasipulsa.transactions_pln' doesn't exist"
time="2022-12-26T15:34:12+07:00" level=info msg="error [services][logics][payment][Unmarshal Looping CallAPI]  : Error 1146: Table 'garasipulsa.transactions_pln' doesn't exist"
time="2022-12-26T16:53:55+07:00" level=info msg="error [services][repositories][transaction][gorm get GET TransactionByStatusAndToday]  : record not found"
time="2022-12-26T16:53:55+07:00" level=info msg="error [services][logics][payment][gorm get transactional by Status]  : record not found"
time="2022-12-26T16:56:45+07:00" level=info msg="error [services][repositories][transaction][gorm get GET TransactionByStatusAndToday]  : record not found"
time="2022-12-26T16:56:45+07:00" level=info msg="error [services][logics][payment][gorm get transactional by Status]  : record not found"
time="2022-12-26T16:58:13+07:00" level=info msg="error [services][repositories][transaction][gorm get GET TransactionByStatusAndToday]  : record not found"
time="2022-12-26T16:58:13+07:00" level=info msg="error [services][logics][payment][gorm get transactional by Status]  : record not found"
time="2022-12-26T16:58:55+07:00" level=info msg="error [controllers][CallBackFromMoota][paymentLogic]  : permission denied"
time="2022-12-26T17:07:34+07:00" level=info msg="error [services][repositories][transaction][gorm get GET TransactionByStatusAndToday]  : record not found"
time="2022-12-26T17:07:34+07:00" level=info msg="error [services][logics][payment][gorm get transactional by Status]  : record not found"
time="2022-12-26T17:07:34+07:00" level=info msg="error [controllers][CallBackFromMoota][paymentLogic]  : data tidak ditemukan"
time="2022-12-27T13:25:40+07:00" level=info msg="success [services][logics][transaction][CheckExpiredTransaction ReceivedData]  : Expired"
time="2022-12-27T16:25:30+07:00" level=info msg="success [services][logics][transaction][CheckExpiredTransaction ReceivedData]  : Expired"
time="2022-12-27T16:56:29+07:00" level=info msg="success [services][logics][transaction][CheckExpiredTransaction ReceivedData]  : Expired"
time="2022-12-27T17:18:09+07:00" level=info msg="success [services][logics][transaction][CheckExpiredTransaction ReceivedData]  : Expired"
time="2022-12-27T17:22:02+07:00" level=info msg="error [services][repositories][transaction][gorm create Transaction PLN]  : Error 1146: Table 'garasipulsa.transactions_pln' doesn't exist"
time="2022-12-27T17:22:02+07:00" level=info msg="error [services][logics][transaction][CreateTransaction]  : Error 1146: Table 'garasipulsa.transactions_pln' doesn't exist"
time="2022-12-27T17:22:02+07:00" level=info msg="error [controllers][transaction][CreateTransaction]  : transaction failed to created"
time="2022-12-27T17:22:22+07:00" level=info msg="error [services][repositories][transaction][gorm create Transaction PLN]  : Error 1146: Table 'garasipulsa.transactions_pln' doesn't exist"
time="2022-12-27T17:22:22+07:00" level=info msg="error [services][logics][transaction][CreateTransaction]  : Error 1146: Table 'garasipulsa.transactions_pln' doesn't exist"
time="2022-12-27T17:22:22+07:00" level=info msg="error [controllers][transaction][CreateTransaction]  : transaction failed to created"
time="2022-12-27T17:30:48+07:00" level=info msg="error [services][repositories][transaction][gorm get]  : Error 1146: Table 'garasipulsa.transactions' doesn't exist"
time="2022-12-27T17:30:48+07:00" level=info msg="error [controllers][transaction][GetTransaction]  : user not found"
time="2022-12-27T17:31:10+07:00" level=info msg="error [services][repositories][transaction][gorm create Transaction PLN]  : Error 1146: Table 'garasipulsa.transactions_pln' doesn't exist"
time="2022-12-27T17:31:10+07:00" level=info msg="error [services][logics][transaction][CreateTransaction]  : Error 1146: Table 'garasipulsa.transactions_pln' doesn't exist"
time="2022-12-27T17:31:10+07:00" level=info msg="error [controllers][transaction][CreateTransaction]  : transaction failed to created"
time="2022-12-27T17:31:10+07:00" level=info msg="error [services][repositories][transaction][gorm get]  : Error 1146: Table 'garasipulsa.transactions' doesn't exist"
time="2022-12-27T17:31:10+07:00" level=info msg="error [controllers][transaction][GetTransaction]  : user not found"
time="2022-12-27T18:04:41+07:00" level=info msg="success [services][logics][transaction][CheckExpiredTransaction ReceivedData]  : Tunggu"
time="2022-12-27T18:41:10+07:00" level=info msg="success [services][logics][transaction][CheckExpiredTransaction ReceivedData]  : Tunggu"
