time="2022-12-31T21:09:57+07:00" level=info msg="SUCCESS [services][logics][payment][CALLAPI]  : {{INV-31-12-2022-CcWI 895800132436  TELKOM25 0 IP Anda tidak kami kenali: 123.253.233.185 Gagal 45  0 0 0 <nil>}}"
time="2022-12-31T21:22:28+07:00" level=info msg="x-hub-signature : \xb7\xe7Z\xdbDX\x9c\x1b`E\x98\xd6y\x89\xb7\f\xec\xb2\xdc\t"
time="2022-12-31T21:26:06+07:00" level=info msg="x-hub-signature : 0xc000696c30"
time="2022-12-31T21:30:56+07:00" level=info msg="x-hub-signature : [183 231 90 219 68 88 156 27 96 69 152 214 121 137 183 12 236 178 220 9]"
time="2022-12-31T21:33:56+07:00" level=info msg="x-hub-signature : t+da20RYnBtgRZjWeYm3DOyy3Ak="
time="2022-12-31T21:35:40+07:00" level=info msg="x-hub-signature : t+da20RYnBtgRZjWeYm3DOyy3Ak="
time="2022-12-31T21:35:40+07:00" level=info msg="SUCCESS [services][logics][payment][CALLBACK FROM Digiflazz]  : {0 <nil> <nil>    0 0 Refund   0  0  }"
time="2022-12-31T21:39:52+07:00" level=info msg="x-hub-signature : t+da20RYnBtgRZjWeYm3DOyy3Ak="
time="2022-12-31T21:39:52+07:00" level=info msg="SUCCESS [services][logics][payment][CALLBACK FROM Digiflazz]  : {0 <nil> <nil>    0 0 Refund   0  0  }"
time="2023-01-01T12:24:24+07:00" level=info msg="SUCCESS [services][logics][payment][CALLAPI]  : {{    0     0 0 0 <nil>}}"
time="2023-01-01T12:26:01+07:00" level=info msg="SUCCESS [services][logics][payment][CALLAPI]  : {{    0     0 0 0 <nil>}}"
time="2023-01-01T12:28:50+07:00" level=info msg="SUCCESS [services][logics][payment][CALLAPI]  : {{    0     0 0 0 <nil>}}"
time="2023-01-01T12:30:40+07:00" level=info msg="SUCCESS [services][logics][payment][CALLAPI]  : {{    0     0 0 0 <nil>}}"
time="2023-01-01T12:33:15+07:00" level=info msg="SUCCESS [services][logics][payment][CALLAPI]  : {{    0     0 0 0 <nil>}}"
time="2023-01-01T12:35:55+07:00" level=info msg="SUCCESS [services][logics][payment][CALLAPI]  : {{    0     0 0 0 <nil>}}"
time="2023-01-01T12:37:42+07:00" level=info msg="SUCCESS [services][logics][payment][CALLAPI]  : {{    0     0 0 0 <nil>}}"
time="2023-01-01T12:39:08+07:00" level=info msg="SUCCESS [services][logics][payment][CALLAPI]  : {{    0     0 0 0 <nil>}}"
time="2023-01-01T12:40:01+07:00" level=info msg="SUCCESS [services][logics][payment][CALLAPI]  : {{    0     0 0 0 <nil>}}"
time="2023-01-01T12:50:30+07:00" level=info msg="SUCCESS [services][logics][payment][CALLAPI]  : {{    0     0 0 0 <nil>}}"
time="2023-01-01T12:59:59+07:00" level=info msg="SUCCESS [services][logics][payment][CALLAPI]  : {{    0     0 0 0 <nil>}}"
time="2023-01-01T13:02:00+07:00" level=info msg="SUCCESS [services][logics][payment][CALLAPI]  : {{    0     0 0 0 <nil>}}"
time="2023-01-01T13:04:39+07:00" level=info msg="SUCCESS [services][logics][payment][CALLAPI]  : {{    0     0 0 0 <nil>}}"
time="2023-01-01T13:07:09+07:00" level=info msg="SUCCESS [services][logics][payment][CALLAPI]  : {{    0     0 0 0 <nil>}}"
time="2023-01-01T13:11:41+07:00" level=info msg="SUCCESS [services][logics][payment][CALLAPI]  : {{    0     0 0 0 <nil>}}"
time="2023-01-01T13:13:27+07:00" level=info msg="SUCCESS [services][logics][payment][CALLAPI]  : {{INV-01-01-2023-9VUy 895800132436  PLN20 0 IP Anda tidak kami kenali: 202.80.219.24 Gagal 45  0 0 0 <nil>}}"
time="2023-01-02T17:06:37+07:00" level=info msg="signature from moota : 80fecfbccf66314496b8f3ace6e2aec51131924ff1fe9474b64d29684b5cae60"
time="2023-01-02T17:18:49+07:00" level=info msg="SUCCESS [services][logics][payment][CALLAPI]  : {{    0     0 0 0 <nil>}}"
